<?xml version="1.0" encoding="UTF-8"?>
<!-- Generated by org.testng.reporters.JUnitReportReporter -->
<testsuite hostname="LAPTOP-OPHRNRIB" name="runner.RunClass" tests="1" failures="0" timestamp="11 Nov 2018 21:59:25 GMT" time="56.474" errors="0">
  <testcase name="feature" time="56.474" classname="runner.RunClass"/>
</testsuite> <!-- runner.RunClass -->
