<?xml version="1.0" encoding="UTF-8"?>
<!-- Generated by org.testng.reporters.JUnitReportReporter -->
<testsuite hostname="LAPTOP-OPHRNRIB" name="runner.RunClass" tests="1" failures="0" timestamp="11 Nov 2018 23:33:34 GMT" time="10.454" errors="0">
  <testcase name="feature" time="10.454" classname="runner.RunClass"/>
</testsuite> <!-- runner.RunClass -->
